c:\users\sjoer\documents\visual studio 2015\projects\project1\project1\x64\debug\vc140.pdb
c:\users\sjoer\documents\visual studio 2015\projects\project1\project1\x64\debug\vc140.idb
c:\users\sjoer\documents\visual studio 2015\projects\project1\project1\x64\debug\main.obj
c:\users\gebruiker\dropbox\project1\project1\x64\debug\vc140.pdb
c:\users\gebruiker\dropbox\project1\project1\x64\debug\vc140.idb
c:\users\gebruiker\dropbox\project1\project1\x64\debug\logging.obj
c:\users\gebruiker\dropbox\project1\project1\x64\debug\main.obj
c:\users\gebruiker\dropbox\project1\project1\x64\debug\shaderloader.obj
c:\users\sjoer\documents\visual studio 2015\projects\project1\x64\debug\project1.ilk
c:\users\sjoer\documents\visual studio 2015\projects\project1\x64\debug\project1.exe
c:\users\sjoer\documents\visual studio 2015\projects\project1\x64\debug\project1.pdb
c:\users\gebruiker\dropbox\project1\x64\debug\project1.pdb
c:\users\gebruiker\dropbox\project1\project1\x64\debug\project1.tlog\cl.command.1.tlog
c:\users\gebruiker\dropbox\project1\project1\x64\debug\project1.tlog\cl.read.1.tlog
c:\users\gebruiker\dropbox\project1\project1\x64\debug\project1.tlog\cl.write.1.tlog
c:\users\gebruiker\dropbox\project1\project1\x64\debug\project1.tlog\link-cvtres.read.1.tlog
c:\users\gebruiker\dropbox\project1\project1\x64\debug\project1.tlog\link-cvtres.write.1.tlog
c:\users\gebruiker\dropbox\project1\project1\x64\debug\project1.tlog\link-rc.read.1.tlog
c:\users\gebruiker\dropbox\project1\project1\x64\debug\project1.tlog\link-rc.write.1.tlog
c:\users\gebruiker\dropbox\project1\project1\x64\debug\project1.tlog\link.command.1.tlog
c:\users\gebruiker\dropbox\project1\project1\x64\debug\project1.tlog\link.read.1.tlog
c:\users\gebruiker\dropbox\project1\project1\x64\debug\project1.tlog\link.write.1.tlog
