  ShaderLoader.cpp
  main.cpp
c:\users\gebruiker\dropbox\project1\project1\main.cpp(56): warning C4305: 'initializing': truncation from 'double' to 'float'
c:\users\gebruiker\dropbox\project1\project1\main.cpp(57): warning C4244: 'initializing': conversion from 'double' to 'float', possible loss of data
c:\users\gebruiker\dropbox\project1\project1\main.cpp(384): warning C4244: 'argument': conversion from 'double' to 'GLfloat', possible loss of data
  logging.cpp
  Generating Code...
SOIL.lib(stb_image_aug.obj) : error LNK2005: _stbi_write_bmp already defined in sfml-graphics-s-d.lib(ImageLoader.cpp.obj)
SOIL.lib(stb_image_aug.obj) : error LNK2005: _stbi_write_tga already defined in sfml-graphics-s-d.lib(ImageLoader.cpp.obj)
SOIL.lib(stb_image_aug.obj) : error LNK2005: _stbi_load already defined in sfml-graphics-s-d.lib(ImageLoader.cpp.obj)
SOIL.lib(stb_image_aug.obj) : error LNK2005: _stbi_load_from_file already defined in sfml-graphics-s-d.lib(ImageLoader.cpp.obj)
SOIL.lib(stb_image_aug.obj) : error LNK2005: _stbi_load_from_memory already defined in sfml-graphics-s-d.lib(ImageLoader.cpp.obj)
SOIL.lib(stb_image_aug.obj) : error LNK2005: _stbi_loadf already defined in sfml-graphics-s-d.lib(ImageLoader.cpp.obj)
SOIL.lib(stb_image_aug.obj) : error LNK2005: _stbi_loadf_from_file already defined in sfml-graphics-s-d.lib(ImageLoader.cpp.obj)
SOIL.lib(stb_image_aug.obj) : error LNK2005: _stbi_loadf_from_memory already defined in sfml-graphics-s-d.lib(ImageLoader.cpp.obj)
SOIL.lib(stb_image_aug.obj) : error LNK2005: _stbi_hdr_to_ldr_gamma already defined in sfml-graphics-s-d.lib(ImageLoader.cpp.obj)
SOIL.lib(stb_image_aug.obj) : error LNK2005: _stbi_hdr_to_ldr_scale already defined in sfml-graphics-s-d.lib(ImageLoader.cpp.obj)
SOIL.lib(stb_image_aug.obj) : error LNK2005: _stbi_ldr_to_hdr_gamma already defined in sfml-graphics-s-d.lib(ImageLoader.cpp.obj)
SOIL.lib(stb_image_aug.obj) : error LNK2005: _stbi_ldr_to_hdr_scale already defined in sfml-graphics-s-d.lib(ImageLoader.cpp.obj)
SOIL.lib(stb_image_aug.obj) : error LNK2005: _stbi_failure_reason already defined in sfml-graphics-s-d.lib(ImageLoader.cpp.obj)
SOIL.lib(stb_image_aug.obj) : error LNK2005: _stbi_image_free already defined in sfml-graphics-s-d.lib(ImageLoader.cpp.obj)
SOIL.lib(stb_image_aug.obj) : error LNK2005: _stbi_is_hdr_from_memory already defined in sfml-graphics-s-d.lib(ImageLoader.cpp.obj)
SOIL.lib(stb_image_aug.obj) : error LNK2005: _stbi_is_hdr already defined in sfml-graphics-s-d.lib(ImageLoader.cpp.obj)
SOIL.lib(stb_image_aug.obj) : error LNK2005: _stbi_is_hdr_from_file already defined in sfml-graphics-s-d.lib(ImageLoader.cpp.obj)
SOIL.lib(stb_image_aug.obj) : error LNK2005: _stbi_zlib_decode_malloc_guesssize already defined in sfml-graphics-s-d.lib(ImageLoader.cpp.obj)
SOIL.lib(stb_image_aug.obj) : error LNK2005: _stbi_zlib_decode_malloc already defined in sfml-graphics-s-d.lib(ImageLoader.cpp.obj)
SOIL.lib(stb_image_aug.obj) : error LNK2005: _stbi_zlib_decode_buffer already defined in sfml-graphics-s-d.lib(ImageLoader.cpp.obj)
SOIL.lib(stb_image_aug.obj) : error LNK2005: _stbi_zlib_decode_noheader_malloc already defined in sfml-graphics-s-d.lib(ImageLoader.cpp.obj)
SOIL.lib(stb_image_aug.obj) : error LNK2005: _stbi_zlib_decode_noheader_buffer already defined in sfml-graphics-s-d.lib(ImageLoader.cpp.obj)
C:\Users\Gebruiker\Dropbox\Project1\Debug\Project1.exe : fatal error LNK1169: one or more multiply defined symbols found
